<?xml version="1.0" encoding="UTF-8"?>
<testsuite xmlns:xsi="http://www.w3.org/2001/XMLSchema-instance" xsi:noNamespaceSchemaLocation="https://maven.apache.org/surefire/maven-surefire-plugin/xsd/surefire-test-report-3.0.xsd" version="3.0" name="com.shared_goal_service.shared_goal.SharedGoalApplicationTests" time="5.748" tests="1" errors="0" skipped="0" failures="0">
  <properties>
    <property name="java.specification.version" value="22"/>
    <property name="sun.jnu.encoding" value="UTF-8"/>
    <property name="java.class.path" value="/Users/priyankapc/Documents/goal-share/target/test-classes:/Users/priyankapc/Documents/goal-share/target/classes:/Users/priyankapc/.m2/repository/org/springframework/boot/spring-boot-starter-data-jpa/3.2.7/spring-boot-starter-data-jpa-3.2.7.jar:/Users/priyankapc/.m2/repository/org/springframework/boot/spring-boot-starter-aop/3.2.7/spring-boot-starter-aop-3.2.7.jar:/Users/priyankapc/.m2/repository/org/aspectj/aspectjweaver/1.9.22/aspectjweaver-1.9.22.jar:/Users/priyankapc/.m2/repository/org/springframework/boot/spring-boot-starter-jdbc/3.2.7/spring-boot-starter-jdbc-3.2.7.jar:/Users/priyankapc/.m2/repository/com/zaxxer/HikariCP/5.0.1/HikariCP-5.0.1.jar:/Users/priyankapc/.m2/repository/org/springframework/spring-jdbc/6.1.10/spring-jdbc-6.1.10.jar:/Users/priyankapc/.m2/repository/org/hibernate/orm/hibernate-core/6.4.9.Final/hibernate-core-6.4.9.Final.jar:/Users/priyankapc/.m2/repository/jakarta/persistence/jakarta.persistence-api/3.1.0/jakarta.persistence-api-3.1.0.jar:/Users/priyankapc/.m2/repository/jakarta/transaction/jakarta.transaction-api/2.0.1/jakarta.transaction-api-2.0.1.jar:/Users/priyankapc/.m2/repository/org/jboss/logging/jboss-logging/3.5.3.Final/jboss-logging-3.5.3.Final.jar:/Users/priyankapc/.m2/repository/org/hibernate/common/hibernate-commons-annotations/6.0.6.Final/hibernate-commons-annotations-6.0.6.Final.jar:/Users/priyankapc/.m2/repository/io/smallrye/jandex/3.1.2/jandex-3.1.2.jar:/Users/priyankapc/.m2/repository/com/fasterxml/classmate/1.6.0/classmate-1.6.0.jar:/Users/priyankapc/.m2/repository/net/bytebuddy/byte-buddy/1.14.17/byte-buddy-1.14.17.jar:/Users/priyankapc/.m2/repository/org/glassfish/jaxb/jaxb-runtime/4.0.5/jaxb-runtime-4.0.5.jar:/Users/priyankapc/.m2/repository/org/glassfish/jaxb/jaxb-core/4.0.5/jaxb-core-4.0.5.jar:/Users/priyankapc/.m2/repository/org/glassfish/jaxb/txw2/4.0.5/txw2-4.0.5.jar:/Users/priyankapc/.m2/repository/com/sun/istack/istack-commons-runtime/4.1.2/istack-commons-runtime-4.1.2.jar:/Users/priyankapc/.m2/repository/jakarta/inject/jakarta.inject-api/2.0.1/jakarta.inject-api-2.0.1.jar:/Users/priyankapc/.m2/repository/org/antlr/antlr4-runtime/4.13.0/antlr4-runtime-4.13.0.jar:/Users/priyankapc/.m2/repository/org/springframework/data/spring-data-jpa/3.2.7/spring-data-jpa-3.2.7.jar:/Users/priyankapc/.m2/repository/org/springframework/data/spring-data-commons/3.2.7/spring-data-commons-3.2.7.jar:/Users/priyankapc/.m2/repository/org/springframework/spring-orm/6.1.10/spring-orm-6.1.10.jar:/Users/priyankapc/.m2/repository/org/springframework/spring-context/6.1.10/spring-context-6.1.10.jar:/Users/priyankapc/.m2/repository/org/springframework/spring-tx/6.1.10/spring-tx-6.1.10.jar:/Users/priyankapc/.m2/repository/org/springframework/spring-beans/6.1.10/spring-beans-6.1.10.jar:/Users/priyankapc/.m2/repository/jakarta/annotation/jakarta.annotation-api/2.1.1/jakarta.annotation-api-2.1.1.jar:/Users/priyankapc/.m2/repository/org/springframework/spring-aspects/6.1.10/spring-aspects-6.1.10.jar:/Users/priyankapc/.m2/repository/org/springframework/boot/spring-boot-starter-security/3.2.7/spring-boot-starter-security-3.2.7.jar:/Users/priyankapc/.m2/repository/org/springframework/boot/spring-boot-starter/3.2.7/spring-boot-starter-3.2.7.jar:/Users/priyankapc/.m2/repository/org/springframework/boot/spring-boot-starter-logging/3.2.7/spring-boot-starter-logging-3.2.7.jar:/Users/priyankapc/.m2/repository/ch/qos/logback/logback-classic/1.4.14/logback-classic-1.4.14.jar:/Users/priyankapc/.m2/repository/ch/qos/logback/logback-core/1.4.14/logback-core-1.4.14.jar:/Users/priyankapc/.m2/repository/org/apache/logging/log4j/log4j-to-slf4j/2.21.1/log4j-to-slf4j-2.21.1.jar:/Users/priyankapc/.m2/repository/org/apache/logging/log4j/log4j-api/2.21.1/log4j-api-2.21.1.jar:/Users/priyankapc/.m2/repository/org/slf4j/jul-to-slf4j/2.0.13/jul-to-slf4j-2.0.13.jar:/Users/priyankapc/.m2/repository/org/yaml/snakeyaml/2.2/snakeyaml-2.2.jar:/Users/priyankapc/.m2/repository/org/springframework/spring-aop/6.1.10/spring-aop-6.1.10.jar:/Users/priyankapc/.m2/repository/org/springframework/security/spring-security-config/6.2.5/spring-security-config-6.2.5.jar:/Users/priyankapc/.m2/repository/org/springframework/security/spring-security-web/6.2.5/spring-security-web-6.2.5.jar:/Users/priyankapc/.m2/repository/org/springframework/spring-expression/6.1.10/spring-expression-6.1.10.jar:/Users/priyankapc/.m2/repository/org/springframework/boot/spring-boot-starter-web/3.2.7/spring-boot-starter-web-3.2.7.jar:/Users/priyankapc/.m2/repository/org/springframework/boot/spring-boot-starter-json/3.2.7/spring-boot-starter-json-3.2.7.jar:/Users/priyankapc/.m2/repository/com/fasterxml/jackson/core/jackson-databind/2.15.4/jackson-databind-2.15.4.jar:/Users/priyankapc/.m2/repository/com/fasterxml/jackson/core/jackson-annotations/2.15.4/jackson-annotations-2.15.4.jar:/Users/priyankapc/.m2/repository/com/fasterxml/jackson/core/jackson-core/2.15.4/jackson-core-2.15.4.jar:/Users/priyankapc/.m2/repository/com/fasterxml/jackson/datatype/jackson-datatype-jdk8/2.15.4/jackson-datatype-jdk8-2.15.4.jar:/Users/priyankapc/.m2/repository/com/fasterxml/jackson/datatype/jackson-datatype-jsr310/2.15.4/jackson-datatype-jsr310-2.15.4.jar:/Users/priyankapc/.m2/repository/com/fasterxml/jackson/module/jackson-module-parameter-names/2.15.4/jackson-module-parameter-names-2.15.4.jar:/Users/priyankapc/.m2/repository/org/springframework/boot/spring-boot-starter-tomcat/3.2.7/spring-boot-starter-tomcat-3.2.7.jar:/Users/priyankapc/.m2/repository/org/apache/tomcat/embed/tomcat-embed-core/10.1.25/tomcat-embed-core-10.1.25.jar:/Users/priyankapc/.m2/repository/org/apache/tomcat/embed/tomcat-embed-el/10.1.25/tomcat-embed-el-10.1.25.jar:/Users/priyankapc/.m2/repository/org/apache/tomcat/embed/tomcat-embed-websocket/10.1.25/tomcat-embed-websocket-10.1.25.jar:/Users/priyankapc/.m2/repository/org/springframework/spring-web/6.1.10/spring-web-6.1.10.jar:/Users/priyankapc/.m2/repository/io/micrometer/micrometer-observation/1.12.7/micrometer-observation-1.12.7.jar:/Users/priyankapc/.m2/repository/io/micrometer/micrometer-commons/1.12.7/micrometer-commons-1.12.7.jar:/Users/priyankapc/.m2/repository/org/springframework/spring-webmvc/6.1.10/spring-webmvc-6.1.10.jar:/Users/priyankapc/.m2/repository/org/springframework/boot/spring-boot-devtools/3.2.7/spring-boot-devtools-3.2.7.jar:/Users/priyankapc/.m2/repository/org/springframework/boot/spring-boot/3.2.7/spring-boot-3.2.7.jar:/Users/priyankapc/.m2/repository/org/springframework/boot/spring-boot-autoconfigure/3.2.7/spring-boot-autoconfigure-3.2.7.jar:/Users/priyankapc/.m2/repository/com/google/cloud/spring-cloud-gcp-starter/5.4.3/spring-cloud-gcp-starter-5.4.3.jar:/Users/priyankapc/.m2/repository/com/google/cloud/spring-cloud-gcp-core/5.4.3/spring-cloud-gcp-core-5.4.3.jar:/Users/priyankapc/.m2/repository/com/google/cloud/google-cloud-core/2.39.0/google-cloud-core-2.39.0.jar:/Users/priyankapc/.m2/repository/com/google/auto/value/auto-value-annotations/1.10.4/auto-value-annotations-1.10.4.jar:/Users/priyankapc/.m2/repository/com/google/protobuf/protobuf-java-util/3.25.3/protobuf-java-util-3.25.3.jar:/Users/priyankapc/.m2/repository/com/google/api/grpc/proto-google-common-protos/2.40.0/proto-google-common-protos-2.40.0.jar:/Users/priyankapc/.m2/repository/com/google/api/grpc/proto-google-iam-v1/1.35.0/proto-google-iam-v1-1.35.0.jar:/Users/priyankapc/.m2/repository/org/threeten/threetenbp/1.6.9/threetenbp-1.6.9.jar:/Users/priyankapc/.m2/repository/com/google/api/api-common/2.32.0/api-common-2.32.0.jar:/Users/priyankapc/.m2/repository/com/google/protobuf/protobuf-java/3.25.3/protobuf-java-3.25.3.jar:/Users/priyankapc/.m2/repository/com/google/code/findbugs/jsr305/3.0.2/jsr305-3.0.2.jar:/Users/priyankapc/.m2/repository/com/google/cloud/spring-cloud-gcp-autoconfigure/5.4.3/spring-cloud-gcp-autoconfigure-5.4.3.jar:/Users/priyankapc/.m2/repository/org/apache/commons/commons-lang3/3.13.0/commons-lang3-3.13.0.jar:/Users/priyankapc/.m2/repository/org/slf4j/slf4j-api/2.0.13/slf4j-api-2.0.13.jar:/Users/priyankapc/.m2/repository/com/google/cloud/spring-cloud-gcp-starter-storage/5.4.3/spring-cloud-gcp-starter-storage-5.4.3.jar:/Users/priyankapc/.m2/repository/com/google/cloud/spring-cloud-gcp-storage/5.4.3/spring-cloud-gcp-storage-5.4.3.jar:/Users/priyankapc/.m2/repository/com/google/cloud/google-cloud-storage/2.40.0/google-cloud-storage-2.40.0.jar:/Users/priyankapc/.m2/repository/com/google/guava/failureaccess/1.0.2/failureaccess-1.0.2.jar:/Users/priyankapc/.m2/repository/com/google/guava/listenablefuture/9999.0-empty-to-avoid-conflict-with-guava/listenablefuture-9999.0-empty-to-avoid-conflict-with-guava.jar:/Users/priyankapc/.m2/repository/com/google/j2objc/j2objc-annotations/3.0.0/j2objc-annotations-3.0.0.jar:/Users/priyankapc/.m2/repository/io/grpc/grpc-context/1.62.2/grpc-context-1.62.2.jar:/Users/priyankapc/.m2/repository/io/opencensus/opencensus-contrib-http-util/0.31.1/opencensus-contrib-http-util-0.31.1.jar:/Users/priyankapc/.m2/repository/com/google/http-client/google-http-client-jackson2/1.44.2/google-http-client-jackson2-1.44.2.jar:/Users/priyankapc/.m2/repository/commons-codec/commons-codec/1.16.1/commons-codec-1.16.1.jar:/Users/priyankapc/.m2/repository/com/google/http-client/google-http-client-apache-v2/1.44.2/google-http-client-apache-v2-1.44.2.jar:/Users/priyankapc/.m2/repository/com/google/apis/google-api-services-storage/v1-rev20240319-2.0.0/google-api-services-storage-v1-rev20240319-2.0.0.jar:/Users/priyankapc/.m2/repository/com/google/code/gson/gson/2.10.1/gson-2.10.1.jar:/Users/priyankapc/.m2/repository/com/google/cloud/google-cloud-core-http/2.39.0/google-cloud-core-http-2.39.0.jar:/Users/priyankapc/.m2/repository/com/google/http-client/google-http-client-appengine/1.44.2/google-http-client-appengine-1.44.2.jar:/Users/priyankapc/.m2/repository/com/google/api/gax-httpjson/2.49.0/gax-httpjson-2.49.0.jar:/Users/priyankapc/.m2/repository/com/google/cloud/google-cloud-core-grpc/2.39.0/google-cloud-core-grpc-2.39.0.jar:/Users/priyankapc/.m2/repository/com/google/api/gax-grpc/2.49.0/gax-grpc-2.49.0.jar:/Users/priyankapc/.m2/repository/io/grpc/grpc-inprocess/1.62.2/grpc-inprocess-1.62.2.jar:/Users/priyankapc/.m2/repository/io/grpc/grpc-alts/1.62.2/grpc-alts-1.62.2.jar:/Users/priyankapc/.m2/repository/io/grpc/grpc-grpclb/1.62.2/grpc-grpclb-1.62.2.jar:/Users/priyankapc/.m2/repository/org/conscrypt/conscrypt-openjdk-uber/2.5.2/conscrypt-openjdk-uber-2.5.2.jar:/Users/priyankapc/.m2/repository/io/grpc/grpc-auth/1.62.2/grpc-auth-1.62.2.jar:/Users/priyankapc/.m2/repository/javax/annotation/javax.annotation-api/1.3.2/javax.annotation-api-1.3.2.jar:/Users/priyankapc/.m2/repository/io/opencensus/opencensus-api/0.31.1/opencensus-api-0.31.1.jar:/Users/priyankapc/.m2/repository/io/grpc/grpc-core/1.62.2/grpc-core-1.62.2.jar:/Users/priyankapc/.m2/repository/com/google/android/annotations/4.1.1.4/annotations-4.1.1.4.jar:/Users/priyankapc/.m2/repository/org/codehaus/mojo/animal-sniffer-annotations/1.23/animal-sniffer-annotations-1.23.jar:/Users/priyankapc/.m2/repository/io/perfmark/perfmark-api/0.27.0/perfmark-api-0.27.0.jar:/Users/priyankapc/.m2/repository/io/grpc/grpc-protobuf/1.62.2/grpc-protobuf-1.62.2.jar:/Users/priyankapc/.m2/repository/io/grpc/grpc-protobuf-lite/1.62.2/grpc-protobuf-lite-1.62.2.jar:/Users/priyankapc/.m2/repository/com/google/api/grpc/proto-google-cloud-storage-v2/2.40.0-alpha/proto-google-cloud-storage-v2-2.40.0-alpha.jar:/Users/priyankapc/.m2/repository/com/google/api/grpc/grpc-google-cloud-storage-v2/2.40.0-alpha/grpc-google-cloud-storage-v2-2.40.0-alpha.jar:/Users/priyankapc/.m2/repository/com/google/api/grpc/gapic-google-cloud-storage-v2/2.40.0-alpha/gapic-google-cloud-storage-v2-2.40.0-alpha.jar:/Users/priyankapc/.m2/repository/io/grpc/grpc-api/1.62.2/grpc-api-1.62.2.jar:/Users/priyankapc/.m2/repository/io/grpc/grpc-netty-shaded/1.62.2/grpc-netty-shaded-1.62.2.jar:/Users/priyankapc/.m2/repository/io/grpc/grpc-util/1.62.2/grpc-util-1.62.2.jar:/Users/priyankapc/.m2/repository/io/grpc/grpc-stub/1.62.2/grpc-stub-1.62.2.jar:/Users/priyankapc/.m2/repository/io/grpc/grpc-googleapis/1.62.2/grpc-googleapis-1.62.2.jar:/Users/priyankapc/.m2/repository/io/grpc/grpc-xds/1.62.2/grpc-xds-1.62.2.jar:/Users/priyankapc/.m2/repository/io/opencensus/opencensus-proto/0.2.0/opencensus-proto-0.2.0.jar:/Users/priyankapc/.m2/repository/io/grpc/grpc-services/1.62.2/grpc-services-1.62.2.jar:/Users/priyankapc/.m2/repository/com/google/re2j/re2j/1.7/re2j-1.7.jar:/Users/priyankapc/.m2/repository/io/grpc/grpc-rls/1.62.2/grpc-rls-1.62.2.jar:/Users/priyankapc/.m2/repository/org/postgresql/postgresql/42.6.2/postgresql-42.6.2.jar:/Users/priyankapc/.m2/repository/org/checkerframework/checker-qual/3.31.0/checker-qual-3.31.0.jar:/Users/priyankapc/.m2/repository/com/google/cloud/sql/postgres-socket-factory/1.19.0/postgres-socket-factory-1.19.0.jar:/Users/priyankapc/.m2/repository/com/google/cloud/sql/jdbc-socket-factory-core/1.19.0/jdbc-socket-factory-core-1.19.0.jar:/Users/priyankapc/.m2/repository/com/github/jnr/jnr-enxio/0.32.17/jnr-enxio-0.32.17.jar:/Users/priyankapc/.m2/repository/com/github/jnr/jnr-constants/0.10.4/jnr-constants-0.10.4.jar:/Users/priyankapc/.m2/repository/com/github/jnr/jnr-ffi/2.2.16/jnr-ffi-2.2.16.jar:/Users/priyankapc/.m2/repository/com/github/jnr/jffi/1.3.13/jffi-1.3.13.jar:/Users/priyankapc/.m2/repository/com/github/jnr/jffi/1.3.13/jffi-1.3.13-native.jar:/Users/priyankapc/.m2/repository/org/ow2/asm/asm-commons/9.2/asm-commons-9.2.jar:/Users/priyankapc/.m2/repository/org/ow2/asm/asm-analysis/9.2/asm-analysis-9.2.jar:/Users/priyankapc/.m2/repository/org/ow2/asm/asm-tree/9.2/asm-tree-9.2.jar:/Users/priyankapc/.m2/repository/org/ow2/asm/asm-util/9.2/asm-util-9.2.jar:/Users/priyankapc/.m2/repository/com/github/jnr/jnr-a64asm/1.0.0/jnr-a64asm-1.0.0.jar:/Users/priyankapc/.m2/repository/com/github/jnr/jnr-x86asm/1.0.2/jnr-x86asm-1.0.2.jar:/Users/priyankapc/.m2/repository/com/github/jnr/jnr-unixsocket/0.38.22/jnr-unixsocket-0.38.22.jar:/Users/priyankapc/.m2/repository/com/github/jnr/jnr-posix/3.1.19/jnr-posix-3.1.19.jar:/Users/priyankapc/.m2/repository/com/google/http-client/google-http-client/1.44.2/google-http-client-1.44.2.jar:/Users/priyankapc/.m2/repository/org/apache/httpcomponents/httpclient/4.5.14/httpclient-4.5.14.jar:/Users/priyankapc/.m2/repository/org/apache/httpcomponents/httpcore/4.4.16/httpcore-4.4.16.jar:/Users/priyankapc/.m2/repository/com/google/guava/guava/33.1.0-jre/guava-33.1.0-jre.jar:/Users/priyankapc/.m2/repository/com/google/errorprone/error_prone_annotations/2.28.0/error_prone_annotations-2.28.0.jar:/Users/priyankapc/.m2/repository/com/google/http-client/google-http-client-gson/1.44.2/google-http-client-gson-1.44.2.jar:/Users/priyankapc/.m2/repository/com/google/api-client/google-api-client/2.6.0/google-api-client-2.6.0.jar:/Users/priyankapc/.m2/repository/com/google/apis/google-api-services-sqladmin/v1beta4-rev20240521-2.0.0/google-api-services-sqladmin-v1beta4-rev20240521-2.0.0.jar:/Users/priyankapc/.m2/repository/com/google/auth/google-auth-library-credentials/1.23.0/google-auth-library-credentials-1.23.0.jar:/Users/priyankapc/.m2/repository/com/google/auth/google-auth-library-oauth2-http/1.23.0/google-auth-library-oauth2-http-1.23.0.jar:/Users/priyankapc/.m2/repository/com/google/oauth-client/google-oauth-client/1.36.0/google-oauth-client-1.36.0.jar:/Users/priyankapc/.m2/repository/com/google/api/gax/2.49.0/gax-2.49.0.jar:/Users/priyankapc/.m2/repository/org/springframework/boot/spring-boot-starter-mail/3.2.7/spring-boot-starter-mail-3.2.7.jar:/Users/priyankapc/.m2/repository/org/springframework/spring-context-support/6.1.10/spring-context-support-6.1.10.jar:/Users/priyankapc/.m2/repository/org/eclipse/angus/jakarta.mail/2.0.3/jakarta.mail-2.0.3.jar:/Users/priyankapc/.m2/repository/jakarta/activation/jakarta.activation-api/2.1.3/jakarta.activation-api-2.1.3.jar:/Users/priyankapc/.m2/repository/org/eclipse/angus/angus-activation/2.0.2/angus-activation-2.0.2.jar:/Users/priyankapc/.m2/repository/org/modelmapper/modelmapper/3.1.1/modelmapper-3.1.1.jar:/Users/priyankapc/.m2/repository/org/projectlombok/lombok/1.18.32/lombok-1.18.32.jar:/Users/priyankapc/.m2/repository/org/springframework/boot/spring-boot-starter-test/3.2.7/spring-boot-starter-test-3.2.7.jar:/Users/priyankapc/.m2/repository/org/springframework/boot/spring-boot-test/3.2.7/spring-boot-test-3.2.7.jar:/Users/priyankapc/.m2/repository/org/springframework/boot/spring-boot-test-autoconfigure/3.2.7/spring-boot-test-autoconfigure-3.2.7.jar:/Users/priyankapc/.m2/repository/com/jayway/jsonpath/json-path/2.9.0/json-path-2.9.0.jar:/Users/priyankapc/.m2/repository/jakarta/xml/bind/jakarta.xml.bind-api/4.0.2/jakarta.xml.bind-api-4.0.2.jar:/Users/priyankapc/.m2/repository/net/minidev/json-smart/2.5.1/json-smart-2.5.1.jar:/Users/priyankapc/.m2/repository/net/minidev/accessors-smart/2.5.1/accessors-smart-2.5.1.jar:/Users/priyankapc/.m2/repository/org/ow2/asm/asm/9.6/asm-9.6.jar:/Users/priyankapc/.m2/repository/org/assertj/assertj-core/3.24.2/assertj-core-3.24.2.jar:/Users/priyankapc/.m2/repository/org/awaitility/awaitility/4.2.1/awaitility-4.2.1.jar:/Users/priyankapc/.m2/repository/org/hamcrest/hamcrest/2.2/hamcrest-2.2.jar:/Users/priyankapc/.m2/repository/org/junit/jupiter/junit-jupiter/5.10.2/junit-jupiter-5.10.2.jar:/Users/priyankapc/.m2/repository/org/junit/jupiter/junit-jupiter-api/5.10.2/junit-jupiter-api-5.10.2.jar:/Users/priyankapc/.m2/repository/org/opentest4j/opentest4j/1.3.0/opentest4j-1.3.0.jar:/Users/priyankapc/.m2/repository/org/junit/platform/junit-platform-commons/1.10.2/junit-platform-commons-1.10.2.jar:/Users/priyankapc/.m2/repository/org/apiguardian/apiguardian-api/1.1.2/apiguardian-api-1.1.2.jar:/Users/priyankapc/.m2/repository/org/junit/jupiter/junit-jupiter-params/5.10.2/junit-jupiter-params-5.10.2.jar:/Users/priyankapc/.m2/repository/org/junit/jupiter/junit-jupiter-engine/5.10.2/junit-jupiter-engine-5.10.2.jar:/Users/priyankapc/.m2/repository/org/junit/platform/junit-platform-engine/1.10.2/junit-platform-engine-1.10.2.jar:/Users/priyankapc/.m2/repository/org/mockito/mockito-core/5.7.0/mockito-core-5.7.0.jar:/Users/priyankapc/.m2/repository/net/bytebuddy/byte-buddy-agent/1.14.17/byte-buddy-agent-1.14.17.jar:/Users/priyankapc/.m2/repository/org/objenesis/objenesis/3.3/objenesis-3.3.jar:/Users/priyankapc/.m2/repository/org/mockito/mockito-junit-jupiter/5.7.0/mockito-junit-jupiter-5.7.0.jar:/Users/priyankapc/.m2/repository/org/skyscreamer/jsonassert/1.5.1/jsonassert-1.5.1.jar:/Users/priyankapc/.m2/repository/com/vaadin/external/google/android-json/0.0.20131108.vaadin1/android-json-0.0.20131108.vaadin1.jar:/Users/priyankapc/.m2/repository/org/springframework/spring-core/6.1.10/spring-core-6.1.10.jar:/Users/priyankapc/.m2/repository/org/springframework/spring-jcl/6.1.10/spring-jcl-6.1.10.jar:/Users/priyankapc/.m2/repository/org/springframework/spring-test/6.1.10/spring-test-6.1.10.jar:/Users/priyankapc/.m2/repository/org/xmlunit/xmlunit-core/2.9.1/xmlunit-core-2.9.1.jar:/Users/priyankapc/.m2/repository/org/springframework/security/spring-security-test/6.2.5/spring-security-test-6.2.5.jar:/Users/priyankapc/.m2/repository/org/springframework/security/spring-security-core/6.2.5/spring-security-core-6.2.5.jar:/Users/priyankapc/.m2/repository/org/springframework/security/spring-security-crypto/6.2.5/spring-security-crypto-6.2.5.jar:"/>
    <property name="java.vm.vendor" value="Homebrew"/>
    <property name="sun.arch.data.model" value="64"/>
    <property name="java.vendor.url" value="https://github.com/Homebrew/homebrew-core/issues"/>
    <property name="user.timezone" value="Asia/Kolkata"/>
    <property name="org.jboss.logging.provider" value="slf4j"/>
    <property name="os.name" value="Mac OS X"/>
    <property name="java.vm.specification.version" value="22"/>
    <property name="sun.java.launcher" value="SUN_STANDARD"/>
    <property name="user.country" value="US"/>
    <property name="sun.boot.library.path" value="/opt/homebrew/Cellar/openjdk/22.0.1/libexec/openjdk.jdk/Contents/Home/lib"/>
    <property name="sun.java.command" value="/Users/priyankapc/Documents/goal-share/target/surefire/surefirebooter-20240725114408727_3.jar /Users/priyankapc/Documents/goal-share/target/surefire 2024-07-25T11-44-08_689-jvmRun1 surefire-20240725114408727_1tmp surefire_0-20240725114408727_2tmp"/>
    <property name="http.nonProxyHosts" value="local|*.local|169.254/16|*.169.254/16"/>
    <property name="jdk.debug" value="release"/>
    <property name="surefire.test.class.path" value="/Users/priyankapc/Documents/goal-share/target/test-classes:/Users/priyankapc/Documents/goal-share/target/classes:/Users/priyankapc/.m2/repository/org/springframework/boot/spring-boot-starter-data-jpa/3.2.7/spring-boot-starter-data-jpa-3.2.7.jar:/Users/priyankapc/.m2/repository/org/springframework/boot/spring-boot-starter-aop/3.2.7/spring-boot-starter-aop-3.2.7.jar:/Users/priyankapc/.m2/repository/org/aspectj/aspectjweaver/1.9.22/aspectjweaver-1.9.22.jar:/Users/priyankapc/.m2/repository/org/springframework/boot/spring-boot-starter-jdbc/3.2.7/spring-boot-starter-jdbc-3.2.7.jar:/Users/priyankapc/.m2/repository/com/zaxxer/HikariCP/5.0.1/HikariCP-5.0.1.jar:/Users/priyankapc/.m2/repository/org/springframework/spring-jdbc/6.1.10/spring-jdbc-6.1.10.jar:/Users/priyankapc/.m2/repository/org/hibernate/orm/hibernate-core/6.4.9.Final/hibernate-core-6.4.9.Final.jar:/Users/priyankapc/.m2/repository/jakarta/persistence/jakarta.persistence-api/3.1.0/jakarta.persistence-api-3.1.0.jar:/Users/priyankapc/.m2/repository/jakarta/transaction/jakarta.transaction-api/2.0.1/jakarta.transaction-api-2.0.1.jar:/Users/priyankapc/.m2/repository/org/jboss/logging/jboss-logging/3.5.3.Final/jboss-logging-3.5.3.Final.jar:/Users/priyankapc/.m2/repository/org/hibernate/common/hibernate-commons-annotations/6.0.6.Final/hibernate-commons-annotations-6.0.6.Final.jar:/Users/priyankapc/.m2/repository/io/smallrye/jandex/3.1.2/jandex-3.1.2.jar:/Users/priyankapc/.m2/repository/com/fasterxml/classmate/1.6.0/classmate-1.6.0.jar:/Users/priyankapc/.m2/repository/net/bytebuddy/byte-buddy/1.14.17/byte-buddy-1.14.17.jar:/Users/priyankapc/.m2/repository/org/glassfish/jaxb/jaxb-runtime/4.0.5/jaxb-runtime-4.0.5.jar:/Users/priyankapc/.m2/repository/org/glassfish/jaxb/jaxb-core/4.0.5/jaxb-core-4.0.5.jar:/Users/priyankapc/.m2/repository/org/glassfish/jaxb/txw2/4.0.5/txw2-4.0.5.jar:/Users/priyankapc/.m2/repository/com/sun/istack/istack-commons-runtime/4.1.2/istack-commons-runtime-4.1.2.jar:/Users/priyankapc/.m2/repository/jakarta/inject/jakarta.inject-api/2.0.1/jakarta.inject-api-2.0.1.jar:/Users/priyankapc/.m2/repository/org/antlr/antlr4-runtime/4.13.0/antlr4-runtime-4.13.0.jar:/Users/priyankapc/.m2/repository/org/springframework/data/spring-data-jpa/3.2.7/spring-data-jpa-3.2.7.jar:/Users/priyankapc/.m2/repository/org/springframework/data/spring-data-commons/3.2.7/spring-data-commons-3.2.7.jar:/Users/priyankapc/.m2/repository/org/springframework/spring-orm/6.1.10/spring-orm-6.1.10.jar:/Users/priyankapc/.m2/repository/org/springframework/spring-context/6.1.10/spring-context-6.1.10.jar:/Users/priyankapc/.m2/repository/org/springframework/spring-tx/6.1.10/spring-tx-6.1.10.jar:/Users/priyankapc/.m2/repository/org/springframework/spring-beans/6.1.10/spring-beans-6.1.10.jar:/Users/priyankapc/.m2/repository/jakarta/annotation/jakarta.annotation-api/2.1.1/jakarta.annotation-api-2.1.1.jar:/Users/priyankapc/.m2/repository/org/springframework/spring-aspects/6.1.10/spring-aspects-6.1.10.jar:/Users/priyankapc/.m2/repository/org/springframework/boot/spring-boot-starter-security/3.2.7/spring-boot-starter-security-3.2.7.jar:/Users/priyankapc/.m2/repository/org/springframework/boot/spring-boot-starter/3.2.7/spring-boot-starter-3.2.7.jar:/Users/priyankapc/.m2/repository/org/springframework/boot/spring-boot-starter-logging/3.2.7/spring-boot-starter-logging-3.2.7.jar:/Users/priyankapc/.m2/repository/ch/qos/logback/logback-classic/1.4.14/logback-classic-1.4.14.jar:/Users/priyankapc/.m2/repository/ch/qos/logback/logback-core/1.4.14/logback-core-1.4.14.jar:/Users/priyankapc/.m2/repository/org/apache/logging/log4j/log4j-to-slf4j/2.21.1/log4j-to-slf4j-2.21.1.jar:/Users/priyankapc/.m2/repository/org/apache/logging/log4j/log4j-api/2.21.1/log4j-api-2.21.1.jar:/Users/priyankapc/.m2/repository/org/slf4j/jul-to-slf4j/2.0.13/jul-to-slf4j-2.0.13.jar:/Users/priyankapc/.m2/repository/org/yaml/snakeyaml/2.2/snakeyaml-2.2.jar:/Users/priyankapc/.m2/repository/org/springframework/spring-aop/6.1.10/spring-aop-6.1.10.jar:/Users/priyankapc/.m2/repository/org/springframework/security/spring-security-config/6.2.5/spring-security-config-6.2.5.jar:/Users/priyankapc/.m2/repository/org/springframework/security/spring-security-web/6.2.5/spring-security-web-6.2.5.jar:/Users/priyankapc/.m2/repository/org/springframework/spring-expression/6.1.10/spring-expression-6.1.10.jar:/Users/priyankapc/.m2/repository/org/springframework/boot/spring-boot-starter-web/3.2.7/spring-boot-starter-web-3.2.7.jar:/Users/priyankapc/.m2/repository/org/springframework/boot/spring-boot-starter-json/3.2.7/spring-boot-starter-json-3.2.7.jar:/Users/priyankapc/.m2/repository/com/fasterxml/jackson/core/jackson-databind/2.15.4/jackson-databind-2.15.4.jar:/Users/priyankapc/.m2/repository/com/fasterxml/jackson/core/jackson-annotations/2.15.4/jackson-annotations-2.15.4.jar:/Users/priyankapc/.m2/repository/com/fasterxml/jackson/core/jackson-core/2.15.4/jackson-core-2.15.4.jar:/Users/priyankapc/.m2/repository/com/fasterxml/jackson/datatype/jackson-datatype-jdk8/2.15.4/jackson-datatype-jdk8-2.15.4.jar:/Users/priyankapc/.m2/repository/com/fasterxml/jackson/datatype/jackson-datatype-jsr310/2.15.4/jackson-datatype-jsr310-2.15.4.jar:/Users/priyankapc/.m2/repository/com/fasterxml/jackson/module/jackson-module-parameter-names/2.15.4/jackson-module-parameter-names-2.15.4.jar:/Users/priyankapc/.m2/repository/org/springframework/boot/spring-boot-starter-tomcat/3.2.7/spring-boot-starter-tomcat-3.2.7.jar:/Users/priyankapc/.m2/repository/org/apache/tomcat/embed/tomcat-embed-core/10.1.25/tomcat-embed-core-10.1.25.jar:/Users/priyankapc/.m2/repository/org/apache/tomcat/embed/tomcat-embed-el/10.1.25/tomcat-embed-el-10.1.25.jar:/Users/priyankapc/.m2/repository/org/apache/tomcat/embed/tomcat-embed-websocket/10.1.25/tomcat-embed-websocket-10.1.25.jar:/Users/priyankapc/.m2/repository/org/springframework/spring-web/6.1.10/spring-web-6.1.10.jar:/Users/priyankapc/.m2/repository/io/micrometer/micrometer-observation/1.12.7/micrometer-observation-1.12.7.jar:/Users/priyankapc/.m2/repository/io/micrometer/micrometer-commons/1.12.7/micrometer-commons-1.12.7.jar:/Users/priyankapc/.m2/repository/org/springframework/spring-webmvc/6.1.10/spring-webmvc-6.1.10.jar:/Users/priyankapc/.m2/repository/org/springframework/boot/spring-boot-devtools/3.2.7/spring-boot-devtools-3.2.7.jar:/Users/priyankapc/.m2/repository/org/springframework/boot/spring-boot/3.2.7/spring-boot-3.2.7.jar:/Users/priyankapc/.m2/repository/org/springframework/boot/spring-boot-autoconfigure/3.2.7/spring-boot-autoconfigure-3.2.7.jar:/Users/priyankapc/.m2/repository/com/google/cloud/spring-cloud-gcp-starter/5.4.3/spring-cloud-gcp-starter-5.4.3.jar:/Users/priyankapc/.m2/repository/com/google/cloud/spring-cloud-gcp-core/5.4.3/spring-cloud-gcp-core-5.4.3.jar:/Users/priyankapc/.m2/repository/com/google/cloud/google-cloud-core/2.39.0/google-cloud-core-2.39.0.jar:/Users/priyankapc/.m2/repository/com/google/auto/value/auto-value-annotations/1.10.4/auto-value-annotations-1.10.4.jar:/Users/priyankapc/.m2/repository/com/google/protobuf/protobuf-java-util/3.25.3/protobuf-java-util-3.25.3.jar:/Users/priyankapc/.m2/repository/com/google/api/grpc/proto-google-common-protos/2.40.0/proto-google-common-protos-2.40.0.jar:/Users/priyankapc/.m2/repository/com/google/api/grpc/proto-google-iam-v1/1.35.0/proto-google-iam-v1-1.35.0.jar:/Users/priyankapc/.m2/repository/org/threeten/threetenbp/1.6.9/threetenbp-1.6.9.jar:/Users/priyankapc/.m2/repository/com/google/api/api-common/2.32.0/api-common-2.32.0.jar:/Users/priyankapc/.m2/repository/com/google/protobuf/protobuf-java/3.25.3/protobuf-java-3.25.3.jar:/Users/priyankapc/.m2/repository/com/google/code/findbugs/jsr305/3.0.2/jsr305-3.0.2.jar:/Users/priyankapc/.m2/repository/com/google/cloud/spring-cloud-gcp-autoconfigure/5.4.3/spring-cloud-gcp-autoconfigure-5.4.3.jar:/Users/priyankapc/.m2/repository/org/apache/commons/commons-lang3/3.13.0/commons-lang3-3.13.0.jar:/Users/priyankapc/.m2/repository/org/slf4j/slf4j-api/2.0.13/slf4j-api-2.0.13.jar:/Users/priyankapc/.m2/repository/com/google/cloud/spring-cloud-gcp-starter-storage/5.4.3/spring-cloud-gcp-starter-storage-5.4.3.jar:/Users/priyankapc/.m2/repository/com/google/cloud/spring-cloud-gcp-storage/5.4.3/spring-cloud-gcp-storage-5.4.3.jar:/Users/priyankapc/.m2/repository/com/google/cloud/google-cloud-storage/2.40.0/google-cloud-storage-2.40.0.jar:/Users/priyankapc/.m2/repository/com/google/guava/failureaccess/1.0.2/failureaccess-1.0.2.jar:/Users/priyankapc/.m2/repository/com/google/guava/listenablefuture/9999.0-empty-to-avoid-conflict-with-guava/listenablefuture-9999.0-empty-to-avoid-conflict-with-guava.jar:/Users/priyankapc/.m2/repository/com/google/j2objc/j2objc-annotations/3.0.0/j2objc-annotations-3.0.0.jar:/Users/priyankapc/.m2/repository/io/grpc/grpc-context/1.62.2/grpc-context-1.62.2.jar:/Users/priyankapc/.m2/repository/io/opencensus/opencensus-contrib-http-util/0.31.1/opencensus-contrib-http-util-0.31.1.jar:/Users/priyankapc/.m2/repository/com/google/http-client/google-http-client-jackson2/1.44.2/google-http-client-jackson2-1.44.2.jar:/Users/priyankapc/.m2/repository/commons-codec/commons-codec/1.16.1/commons-codec-1.16.1.jar:/Users/priyankapc/.m2/repository/com/google/http-client/google-http-client-apache-v2/1.44.2/google-http-client-apache-v2-1.44.2.jar:/Users/priyankapc/.m2/repository/com/google/apis/google-api-services-storage/v1-rev20240319-2.0.0/google-api-services-storage-v1-rev20240319-2.0.0.jar:/Users/priyankapc/.m2/repository/com/google/code/gson/gson/2.10.1/gson-2.10.1.jar:/Users/priyankapc/.m2/repository/com/google/cloud/google-cloud-core-http/2.39.0/google-cloud-core-http-2.39.0.jar:/Users/priyankapc/.m2/repository/com/google/http-client/google-http-client-appengine/1.44.2/google-http-client-appengine-1.44.2.jar:/Users/priyankapc/.m2/repository/com/google/api/gax-httpjson/2.49.0/gax-httpjson-2.49.0.jar:/Users/priyankapc/.m2/repository/com/google/cloud/google-cloud-core-grpc/2.39.0/google-cloud-core-grpc-2.39.0.jar:/Users/priyankapc/.m2/repository/com/google/api/gax-grpc/2.49.0/gax-grpc-2.49.0.jar:/Users/priyankapc/.m2/repository/io/grpc/grpc-inprocess/1.62.2/grpc-inprocess-1.62.2.jar:/Users/priyankapc/.m2/repository/io/grpc/grpc-alts/1.62.2/grpc-alts-1.62.2.jar:/Users/priyankapc/.m2/repository/io/grpc/grpc-grpclb/1.62.2/grpc-grpclb-1.62.2.jar:/Users/priyankapc/.m2/repository/org/conscrypt/conscrypt-openjdk-uber/2.5.2/conscrypt-openjdk-uber-2.5.2.jar:/Users/priyankapc/.m2/repository/io/grpc/grpc-auth/1.62.2/grpc-auth-1.62.2.jar:/Users/priyankapc/.m2/repository/javax/annotation/javax.annotation-api/1.3.2/javax.annotation-api-1.3.2.jar:/Users/priyankapc/.m2/repository/io/opencensus/opencensus-api/0.31.1/opencensus-api-0.31.1.jar:/Users/priyankapc/.m2/repository/io/grpc/grpc-core/1.62.2/grpc-core-1.62.2.jar:/Users/priyankapc/.m2/repository/com/google/android/annotations/4.1.1.4/annotations-4.1.1.4.jar:/Users/priyankapc/.m2/repository/org/codehaus/mojo/animal-sniffer-annotations/1.23/animal-sniffer-annotations-1.23.jar:/Users/priyankapc/.m2/repository/io/perfmark/perfmark-api/0.27.0/perfmark-api-0.27.0.jar:/Users/priyankapc/.m2/repository/io/grpc/grpc-protobuf/1.62.2/grpc-protobuf-1.62.2.jar:/Users/priyankapc/.m2/repository/io/grpc/grpc-protobuf-lite/1.62.2/grpc-protobuf-lite-1.62.2.jar:/Users/priyankapc/.m2/repository/com/google/api/grpc/proto-google-cloud-storage-v2/2.40.0-alpha/proto-google-cloud-storage-v2-2.40.0-alpha.jar:/Users/priyankapc/.m2/repository/com/google/api/grpc/grpc-google-cloud-storage-v2/2.40.0-alpha/grpc-google-cloud-storage-v2-2.40.0-alpha.jar:/Users/priyankapc/.m2/repository/com/google/api/grpc/gapic-google-cloud-storage-v2/2.40.0-alpha/gapic-google-cloud-storage-v2-2.40.0-alpha.jar:/Users/priyankapc/.m2/repository/io/grpc/grpc-api/1.62.2/grpc-api-1.62.2.jar:/Users/priyankapc/.m2/repository/io/grpc/grpc-netty-shaded/1.62.2/grpc-netty-shaded-1.62.2.jar:/Users/priyankapc/.m2/repository/io/grpc/grpc-util/1.62.2/grpc-util-1.62.2.jar:/Users/priyankapc/.m2/repository/io/grpc/grpc-stub/1.62.2/grpc-stub-1.62.2.jar:/Users/priyankapc/.m2/repository/io/grpc/grpc-googleapis/1.62.2/grpc-googleapis-1.62.2.jar:/Users/priyankapc/.m2/repository/io/grpc/grpc-xds/1.62.2/grpc-xds-1.62.2.jar:/Users/priyankapc/.m2/repository/io/opencensus/opencensus-proto/0.2.0/opencensus-proto-0.2.0.jar:/Users/priyankapc/.m2/repository/io/grpc/grpc-services/1.62.2/grpc-services-1.62.2.jar:/Users/priyankapc/.m2/repository/com/google/re2j/re2j/1.7/re2j-1.7.jar:/Users/priyankapc/.m2/repository/io/grpc/grpc-rls/1.62.2/grpc-rls-1.62.2.jar:/Users/priyankapc/.m2/repository/org/postgresql/postgresql/42.6.2/postgresql-42.6.2.jar:/Users/priyankapc/.m2/repository/org/checkerframework/checker-qual/3.31.0/checker-qual-3.31.0.jar:/Users/priyankapc/.m2/repository/com/google/cloud/sql/postgres-socket-factory/1.19.0/postgres-socket-factory-1.19.0.jar:/Users/priyankapc/.m2/repository/com/google/cloud/sql/jdbc-socket-factory-core/1.19.0/jdbc-socket-factory-core-1.19.0.jar:/Users/priyankapc/.m2/repository/com/github/jnr/jnr-enxio/0.32.17/jnr-enxio-0.32.17.jar:/Users/priyankapc/.m2/repository/com/github/jnr/jnr-constants/0.10.4/jnr-constants-0.10.4.jar:/Users/priyankapc/.m2/repository/com/github/jnr/jnr-ffi/2.2.16/jnr-ffi-2.2.16.jar:/Users/priyankapc/.m2/repository/com/github/jnr/jffi/1.3.13/jffi-1.3.13.jar:/Users/priyankapc/.m2/repository/com/github/jnr/jffi/1.3.13/jffi-1.3.13-native.jar:/Users/priyankapc/.m2/repository/org/ow2/asm/asm-commons/9.2/asm-commons-9.2.jar:/Users/priyankapc/.m2/repository/org/ow2/asm/asm-analysis/9.2/asm-analysis-9.2.jar:/Users/priyankapc/.m2/repository/org/ow2/asm/asm-tree/9.2/asm-tree-9.2.jar:/Users/priyankapc/.m2/repository/org/ow2/asm/asm-util/9.2/asm-util-9.2.jar:/Users/priyankapc/.m2/repository/com/github/jnr/jnr-a64asm/1.0.0/jnr-a64asm-1.0.0.jar:/Users/priyankapc/.m2/repository/com/github/jnr/jnr-x86asm/1.0.2/jnr-x86asm-1.0.2.jar:/Users/priyankapc/.m2/repository/com/github/jnr/jnr-unixsocket/0.38.22/jnr-unixsocket-0.38.22.jar:/Users/priyankapc/.m2/repository/com/github/jnr/jnr-posix/3.1.19/jnr-posix-3.1.19.jar:/Users/priyankapc/.m2/repository/com/google/http-client/google-http-client/1.44.2/google-http-client-1.44.2.jar:/Users/priyankapc/.m2/repository/org/apache/httpcomponents/httpclient/4.5.14/httpclient-4.5.14.jar:/Users/priyankapc/.m2/repository/org/apache/httpcomponents/httpcore/4.4.16/httpcore-4.4.16.jar:/Users/priyankapc/.m2/repository/com/google/guava/guava/33.1.0-jre/guava-33.1.0-jre.jar:/Users/priyankapc/.m2/repository/com/google/errorprone/error_prone_annotations/2.28.0/error_prone_annotations-2.28.0.jar:/Users/priyankapc/.m2/repository/com/google/http-client/google-http-client-gson/1.44.2/google-http-client-gson-1.44.2.jar:/Users/priyankapc/.m2/repository/com/google/api-client/google-api-client/2.6.0/google-api-client-2.6.0.jar:/Users/priyankapc/.m2/repository/com/google/apis/google-api-services-sqladmin/v1beta4-rev20240521-2.0.0/google-api-services-sqladmin-v1beta4-rev20240521-2.0.0.jar:/Users/priyankapc/.m2/repository/com/google/auth/google-auth-library-credentials/1.23.0/google-auth-library-credentials-1.23.0.jar:/Users/priyankapc/.m2/repository/com/google/auth/google-auth-library-oauth2-http/1.23.0/google-auth-library-oauth2-http-1.23.0.jar:/Users/priyankapc/.m2/repository/com/google/oauth-client/google-oauth-client/1.36.0/google-oauth-client-1.36.0.jar:/Users/priyankapc/.m2/repository/com/google/api/gax/2.49.0/gax-2.49.0.jar:/Users/priyankapc/.m2/repository/org/springframework/boot/spring-boot-starter-mail/3.2.7/spring-boot-starter-mail-3.2.7.jar:/Users/priyankapc/.m2/repository/org/springframework/spring-context-support/6.1.10/spring-context-support-6.1.10.jar:/Users/priyankapc/.m2/repository/org/eclipse/angus/jakarta.mail/2.0.3/jakarta.mail-2.0.3.jar:/Users/priyankapc/.m2/repository/jakarta/activation/jakarta.activation-api/2.1.3/jakarta.activation-api-2.1.3.jar:/Users/priyankapc/.m2/repository/org/eclipse/angus/angus-activation/2.0.2/angus-activation-2.0.2.jar:/Users/priyankapc/.m2/repository/org/modelmapper/modelmapper/3.1.1/modelmapper-3.1.1.jar:/Users/priyankapc/.m2/repository/org/projectlombok/lombok/1.18.32/lombok-1.18.32.jar:/Users/priyankapc/.m2/repository/org/springframework/boot/spring-boot-starter-test/3.2.7/spring-boot-starter-test-3.2.7.jar:/Users/priyankapc/.m2/repository/org/springframework/boot/spring-boot-test/3.2.7/spring-boot-test-3.2.7.jar:/Users/priyankapc/.m2/repository/org/springframework/boot/spring-boot-test-autoconfigure/3.2.7/spring-boot-test-autoconfigure-3.2.7.jar:/Users/priyankapc/.m2/repository/com/jayway/jsonpath/json-path/2.9.0/json-path-2.9.0.jar:/Users/priyankapc/.m2/repository/jakarta/xml/bind/jakarta.xml.bind-api/4.0.2/jakarta.xml.bind-api-4.0.2.jar:/Users/priyankapc/.m2/repository/net/minidev/json-smart/2.5.1/json-smart-2.5.1.jar:/Users/priyankapc/.m2/repository/net/minidev/accessors-smart/2.5.1/accessors-smart-2.5.1.jar:/Users/priyankapc/.m2/repository/org/ow2/asm/asm/9.6/asm-9.6.jar:/Users/priyankapc/.m2/repository/org/assertj/assertj-core/3.24.2/assertj-core-3.24.2.jar:/Users/priyankapc/.m2/repository/org/awaitility/awaitility/4.2.1/awaitility-4.2.1.jar:/Users/priyankapc/.m2/repository/org/hamcrest/hamcrest/2.2/hamcrest-2.2.jar:/Users/priyankapc/.m2/repository/org/junit/jupiter/junit-jupiter/5.10.2/junit-jupiter-5.10.2.jar:/Users/priyankapc/.m2/repository/org/junit/jupiter/junit-jupiter-api/5.10.2/junit-jupiter-api-5.10.2.jar:/Users/priyankapc/.m2/repository/org/opentest4j/opentest4j/1.3.0/opentest4j-1.3.0.jar:/Users/priyankapc/.m2/repository/org/junit/platform/junit-platform-commons/1.10.2/junit-platform-commons-1.10.2.jar:/Users/priyankapc/.m2/repository/org/apiguardian/apiguardian-api/1.1.2/apiguardian-api-1.1.2.jar:/Users/priyankapc/.m2/repository/org/junit/jupiter/junit-jupiter-params/5.10.2/junit-jupiter-params-5.10.2.jar:/Users/priyankapc/.m2/repository/org/junit/jupiter/junit-jupiter-engine/5.10.2/junit-jupiter-engine-5.10.2.jar:/Users/priyankapc/.m2/repository/org/junit/platform/junit-platform-engine/1.10.2/junit-platform-engine-1.10.2.jar:/Users/priyankapc/.m2/repository/org/mockito/mockito-core/5.7.0/mockito-core-5.7.0.jar:/Users/priyankapc/.m2/repository/net/bytebuddy/byte-buddy-agent/1.14.17/byte-buddy-agent-1.14.17.jar:/Users/priyankapc/.m2/repository/org/objenesis/objenesis/3.3/objenesis-3.3.jar:/Users/priyankapc/.m2/repository/org/mockito/mockito-junit-jupiter/5.7.0/mockito-junit-jupiter-5.7.0.jar:/Users/priyankapc/.m2/repository/org/skyscreamer/jsonassert/1.5.1/jsonassert-1.5.1.jar:/Users/priyankapc/.m2/repository/com/vaadin/external/google/android-json/0.0.20131108.vaadin1/android-json-0.0.20131108.vaadin1.jar:/Users/priyankapc/.m2/repository/org/springframework/spring-core/6.1.10/spring-core-6.1.10.jar:/Users/priyankapc/.m2/repository/org/springframework/spring-jcl/6.1.10/spring-jcl-6.1.10.jar:/Users/priyankapc/.m2/repository/org/springframework/spring-test/6.1.10/spring-test-6.1.10.jar:/Users/priyankapc/.m2/repository/org/xmlunit/xmlunit-core/2.9.1/xmlunit-core-2.9.1.jar:/Users/priyankapc/.m2/repository/org/springframework/security/spring-security-test/6.2.5/spring-security-test-6.2.5.jar:/Users/priyankapc/.m2/repository/org/springframework/security/spring-security-core/6.2.5/spring-security-core-6.2.5.jar:/Users/priyankapc/.m2/repository/org/springframework/security/spring-security-crypto/6.2.5/spring-security-crypto-6.2.5.jar:"/>
    <property name="sun.cpu.endian" value="little"/>
    <property name="user.home" value="/Users/priyankapc"/>
    <property name="user.language" value="en"/>
    <property name="java.specification.vendor" value="Oracle Corporation"/>
    <property name="java.version.date" value="2024-04-16"/>
    <property name="java.home" value="/opt/homebrew/Cellar/openjdk/22.0.1/libexec/openjdk.jdk/Contents/Home"/>
    <property name="file.separator" value="/"/>
    <property name="basedir" value="/Users/priyankapc/Documents/goal-share"/>
    <property name="java.vm.compressedOopsMode" value="Zero based"/>
    <property name="line.separator" value="&#10;"/>
    <property name="java.vm.specification.vendor" value="Oracle Corporation"/>
    <property name="java.specification.name" value="Java Platform API Specification"/>
    <property name="FILE_LOG_CHARSET" value="UTF-8"/>
    <property name="java.awt.headless" value="true"/>
    <property name="apple.awt.application.name" value="ForkedBooter"/>
    <property name="surefire.real.class.path" value="/Users/priyankapc/Documents/goal-share/target/surefire/surefirebooter-20240725114408727_3.jar"/>
    <property name="sun.management.compiler" value="HotSpot 64-Bit Tiered Compilers"/>
    <property name="ftp.nonProxyHosts" value="local|*.local|169.254/16|*.169.254/16"/>
    <property name="java.runtime.version" value="22.0.1"/>
    <property name="user.name" value="priyankapc"/>
    <property name="stdout.encoding" value="UTF-8"/>
    <property name="path.separator" value=":"/>
    <property name="os.version" value="14.5"/>
    <property name="java.runtime.name" value="OpenJDK Runtime Environment"/>
    <property name="file.encoding" value="UTF-8"/>
    <property name="java.vm.name" value="OpenJDK 64-Bit Server VM"/>
    <property name="java.vendor.version" value="Homebrew"/>
    <property name="localRepository" value="/Users/priyankapc/.m2/repository"/>
    <property name="java.vendor.url.bug" value="https://github.com/Homebrew/homebrew-core/issues"/>
    <property name="java.io.tmpdir" value="/var/folders/p4/49_9mms54szb4y2g2nt6bx7m0000gn/T/"/>
    <property name="com.zaxxer.hikari.pool_number" value="1"/>
    <property name="java.version" value="22.0.1"/>
    <property name="user.dir" value="/Users/priyankapc/Documents/goal-share"/>
    <property name="os.arch" value="aarch64"/>
    <property name="java.vm.specification.name" value="Java Virtual Machine Specification"/>
    <property name="PID" value="6068"/>
    <property name="CONSOLE_LOG_CHARSET" value="UTF-8"/>
    <property name="native.encoding" value="UTF-8"/>
    <property name="java.library.path" value="/Users/priyankapc/Library/Java/Extensions:/Library/Java/Extensions:/Network/Library/Java/Extensions:/System/Library/Java/Extensions:/usr/lib/java:."/>
    <property name="java.vm.info" value="mixed mode, sharing"/>
    <property name="stderr.encoding" value="UTF-8"/>
    <property name="java.vendor" value="Homebrew"/>
    <property name="java.vm.version" value="22.0.1"/>
    <property name="sun.io.unicode.encoding" value="UnicodeBig"/>
    <property name="socksNonProxyHosts" value="local|*.local|169.254/16|*.169.254/16"/>
    <property name="java.class.version" value="66.0"/>
    <property name="LOGGED_APPLICATION_NAME" value="[shared-goal] "/>
  </properties>
  <testcase name="contextLoads" classname="com.shared_goal_service.shared_goal.SharedGoalApplicationTests" time="0.746">
    <system-out><![CDATA[11:44:09.167 [main] INFO org.springframework.test.context.support.AnnotationConfigContextLoaderUtils -- Could not detect default configuration classes for test class [com.shared_goal_service.shared_goal.SharedGoalApplicationTests]: SharedGoalApplicationTests does not declare any static, non-private, non-final, nested classes annotated with @Configuration.
11:44:09.206 [main] INFO org.springframework.boot.test.context.SpringBootTestContextBootstrapper -- Found @SpringBootConfiguration com.shared_goal_service.shared_goal.SharedGoalApplication for test class com.shared_goal_service.shared_goal.SharedGoalApplicationTests
11:44:09.261 [main] INFO org.springframework.boot.devtools.restart.RestartApplicationListener -- Restart disabled due to context in which it is running

  .   ____          _            __ _ _
 /\\ / ___'_ __ _ _(_)_ __  __ _ \ \ \ \
( ( )\___ | '_ | '_| | '_ \/ _` | \ \ \ \
 \\/  ___)| |_)| | | | | || (_| |  ) ) ) )
  '  |____| .__|_| |_|_| |_\__, | / / / /
 =========|_|==============|___/=/_/_/_/
 :: Spring Boot ::                (v3.2.7)

2024-07-25T11:44:09.411+05:30  INFO 6068 --- [shared-goal] [           main] c.s.s.SharedGoalApplicationTests         : Starting SharedGoalApplicationTests using Java 22.0.1 with PID 6068 (started by priyankapc in /Users/priyankapc/Documents/goal-share)
2024-07-25T11:44:09.412+05:30  INFO 6068 --- [shared-goal] [           main] c.s.s.SharedGoalApplicationTests         : No active profile set, falling back to 1 default profile: "default"
2024-07-25T11:44:09.663+05:30  INFO 6068 --- [shared-goal] [           main] .s.d.r.c.RepositoryConfigurationDelegate : Bootstrapping Spring Data JPA repositories in DEFAULT mode.
2024-07-25T11:44:09.686+05:30  INFO 6068 --- [shared-goal] [           main] .s.d.r.c.RepositoryConfigurationDelegate : Finished Spring Data repository scanning in 19 ms. Found 4 JPA repository interfaces.
2024-07-25T11:44:09.864+05:30  INFO 6068 --- [shared-goal] [           main] o.hibernate.jpa.internal.util.LogHelper  : HHH000204: Processing PersistenceUnitInfo [name: default]
2024-07-25T11:44:09.887+05:30  INFO 6068 --- [shared-goal] [           main] org.hibernate.Version                    : HHH000412: Hibernate ORM core version 6.4.9.Final
2024-07-25T11:44:09.899+05:30  INFO 6068 --- [shared-goal] [           main] o.h.c.internal.RegionFactoryInitiator    : HHH000026: Second-level cache disabled
2024-07-25T11:44:09.984+05:30  INFO 6068 --- [shared-goal] [           main] o.s.o.j.p.SpringPersistenceUnitInfo      : No LoadTimeWeaver setup: ignoring JPA class transformer
2024-07-25T11:44:09.995+05:30  WARN 6068 --- [shared-goal] [           main] org.hibernate.orm.deprecation            : HHH90000025: PostgreSQLDialect does not need to be specified explicitly using 'hibernate.dialect' (remove the property setting and it will be selected by default)
2024-07-25T11:44:10.336+05:30  INFO 6068 --- [shared-goal] [           main] o.h.e.t.j.p.i.JtaPlatformInitiator       : HHH000489: No JTA platform available (set 'hibernate.transaction.jta.platform' to enable JTA platform integration)
2024-07-25T11:44:10.341+05:30  INFO 6068 --- [shared-goal] [           main] com.zaxxer.hikari.HikariDataSource       : HikariPool-1 - Starting...
2024-07-25T11:44:12.139+05:30  INFO 6068 --- [shared-goal] [           main] com.zaxxer.hikari.pool.HikariPool        : HikariPool-1 - Added connection org.postgresql.jdbc.PgConnection@f13e0a2
2024-07-25T11:44:12.142+05:30  INFO 6068 --- [shared-goal] [           main] com.zaxxer.hikari.HikariDataSource       : HikariPool-1 - Start completed.
2024-07-25T11:44:13.298+05:30  INFO 6068 --- [shared-goal] [           main] j.LocalContainerEntityManagerFactoryBean : Initialized JPA EntityManagerFactory for persistence unit 'default'
2024-07-25T11:44:13.458+05:30  INFO 6068 --- [shared-goal] [           main] o.s.d.j.r.query.QueryEnhancerFactory     : Hibernate is in classpath; If applicable, HQL parser will be used.
2024-07-25T11:44:13.711+05:30  WARN 6068 --- [shared-goal] [           main] JpaBaseConfiguration$JpaWebConfiguration : spring.jpa.open-in-view is enabled by default. Therefore, database queries may be performed during view rendering. Explicitly configure spring.jpa.open-in-view to disable this warning
2024-07-25T11:44:13.827+05:30  INFO 6068 --- [shared-goal] [           main] o.s.s.web.DefaultSecurityFilterChain     : Will secure any request with [org.springframework.security.web.session.DisableEncodeUrlFilter@37bafef8, org.springframework.security.web.context.request.async.WebAsyncManagerIntegrationFilter@2a6b6f4, org.springframework.security.web.context.SecurityContextHolderFilter@77c66ac2, org.springframework.security.web.header.HeaderWriterFilter@3f1b4a14, org.springframework.security.web.authentication.logout.LogoutFilter@24c4370a, org.springframework.security.web.authentication.www.BasicAuthenticationFilter@1915879c, org.springframework.security.web.savedrequest.RequestCacheAwareFilter@27a717a7, org.springframework.security.web.servletapi.SecurityContextHolderAwareRequestFilter@47858d7c, org.springframework.security.web.authentication.AnonymousAuthenticationFilter@11636d43, org.springframework.security.web.access.ExceptionTranslationFilter@38f1f6c9, org.springframework.security.web.access.intercept.AuthorizationFilter@7d2ccd7f]
2024-07-25T11:44:13.924+05:30  INFO 6068 --- [shared-goal] [           main] c.g.c.s.core.DefaultCredentialsProvider  : Default credentials provider for user 764086051850-6qr4p6gpi6hn506pt8ejuq83di341hur.apps.googleusercontent.com
2024-07-25T11:44:13.924+05:30  INFO 6068 --- [shared-goal] [           main] c.g.c.s.core.DefaultCredentialsProvider  : Scopes in use by default credentials: [https://www.googleapis.com/auth/pubsub, https://www.googleapis.com/auth/spanner.admin, https://www.googleapis.com/auth/spanner.data, https://www.googleapis.com/auth/datastore, https://www.googleapis.com/auth/sqlservice.admin, https://www.googleapis.com/auth/devstorage.read_only, https://www.googleapis.com/auth/devstorage.read_write, https://www.googleapis.com/auth/cloudruntimeconfig, https://www.googleapis.com/auth/trace.append, https://www.googleapis.com/auth/cloud-platform, https://www.googleapis.com/auth/cloud-vision, https://www.googleapis.com/auth/bigquery, https://www.googleapis.com/auth/monitoring.write]
2024-07-25T11:44:13.972+05:30  INFO 6068 --- [shared-goal] [           main] c.g.c.s.a.c.GcpContextAutoConfiguration  : The default project ID is share-goal-429616
2024-07-25T11:44:14.083+05:30  INFO 6068 --- [shared-goal] [           main] c.s.s.SharedGoalApplicationTests         : Started SharedGoalApplicationTests in 4.827 seconds (process running for 5.245)
]]></system-out>
    <system-err><![CDATA[WARNING: A Java agent has been loaded dynamically (/Users/priyankapc/.m2/repository/net/bytebuddy/byte-buddy-agent/1.14.17/byte-buddy-agent-1.14.17.jar)
WARNING: If a serviceability tool is in use, please run with -XX:+EnableDynamicAgentLoading to hide this warning
WARNING: If a serviceability tool is not in use, please run with -Djdk.instrument.traceUsage for more information
WARNING: Dynamic loading of agents will be disallowed by default in a future release
]]></system-err>
  </testcase>
</testsuite>